# JRE version: Java(TM) SE Runtime Environment (10.0.2+13) (build 10.0.2+13)
# Java VM: Java HotSpot(TM) 64-Bit Server VM (10.0.2+13, mixed mode, tiered, compressed oops, g1 gc, windows-amd64)
Heap:
 garbage-first heap   total 126976K, used 71237K [0x0000000085600000, 0x0000000100000000)
  region size 1024K, 64 young (65536K), 10 survivors (10240K)
 Metaspace       used 27133K, capacity 27628K, committed 28160K, reserved 1075200K
  class space    used 2843K, capacity 3015K, committed 3072K, reserved 1048576K
GC Heap History (6 events):
Event: 1.133 GC heap before
{Heap before GC invocations=0 (full 0):
 garbage-first heap   total 126976K, used 24576K [0x0000000085600000, 0x0000000100000000)
  region size 1024K, 24 young (24576K), 0 survivors (0K)
 Metaspace       used 12029K, capacity 12295K, committed 12544K, reserved 1060864K
  class space    used 1171K, capacity 1278K, committed 1280K, reserved 1048576K
}
Event: 1.138 GC heap after
{Heap after GC invocations=1 (full 0):
 garbage-first heap   total 126976K, used 4928K [0x0000000085600000, 0x0000000100000000)
  region size 1024K, 3 young (3072K), 3 survivors (3072K)
 Metaspace       used 12029K, capacity 12295K, committed 12544K, reserved 1060864K
  class space    used 1171K, capacity 1278K, committed 1280K, reserved 1048576K
}
Event: 2.887 GC heap before
{Heap before GC invocations=1 (full 0):
 garbage-first heap   total 126976K, used 73536K [0x0000000085600000, 0x0000000100000000)
  region size 1024K, 70 young (71680K), 3 survivors (3072K)
 Metaspace       used 20661K, capacity 20980K, committed 21248K, reserved 1069056K
  class space    used 2106K, capacity 2247K, committed 2304K, reserved 1048576K
}
Event: 2.896 GC heap after
{Heap after GC invocations=2 (full 0):
 garbage-first heap   total 126976K, used 10914K [0x0000000085600000, 0x0000000100000000)
  region size 1024K, 8 young (8192K), 8 survivors (8192K)
 Metaspace       used 20661K, capacity 20980K, committed 21248K, reserved 1069056K
  class space    used 2106K, capacity 2247K, committed 2304K, reserved 1048576K
}
Event: 3.680 GC heap before
{Heap before GC invocations=3 (full 0):
 garbage-first heap   total 126976K, used 78498K [0x0000000085600000, 0x0000000100000000)
  region size 1024K, 74 young (75776K), 8 survivors (8192K)
 Metaspace       used 21542K, capacity 21993K, committed 22400K, reserved 1069056K
  class space    used 2186K, capacity 2363K, committed 2432K, reserved 1048576K
}
Event: 3.694 GC heap after
{Heap after GC invocations=4 (full 0):
 garbage-first heap   total 126976K, used 16965K [0x0000000085600000, 0x0000000100000000)
  region size 1024K, 10 young (10240K), 10 survivors (10240K)
 Metaspace       used 21542K, capacity 21993K, committed 22400K, reserved 1069056K
  class space    used 2186K, capacity 2363K, committed 2432K, reserved 1048576K
}

