# JRE version: Java(TM) SE Runtime Environment (10.0.2+13) (build 10.0.2+13)
# Java VM: Java HotSpot(TM) 64-Bit Server VM (10.0.2+13, mixed mode, tiered, compressed oops, g1 gc, windows-amd64)
Heap:
 garbage-first heap   total 152576K, used 38704K [0x0000000085600000, 0x0000000100000000)
  region size 1024K, 11 young (11264K), 2 survivors (2048K)
 Metaspace       used 26924K, capacity 27378K, committed 27904K, reserved 1075200K
  class space    used 2821K, capacity 2999K, committed 3072K, reserved 1048576K
GC Heap History (10 events):
Event: 0.899 GC heap before
{Heap before GC invocations=0 (full 0):
 garbage-first heap   total 126976K, used 24576K [0x0000000085600000, 0x0000000100000000)
  region size 1024K, 24 young (24576K), 0 survivors (0K)
 Metaspace       used 12001K, capacity 12283K, committed 12544K, reserved 1060864K
  class space    used 1169K, capacity 1278K, committed 1280K, reserved 1048576K
}
Event: 0.904 GC heap after
{Heap after GC invocations=1 (full 0):
 garbage-first heap   total 126976K, used 4963K [0x0000000085600000, 0x0000000100000000)
  region size 1024K, 3 young (3072K), 3 survivors (3072K)
 Metaspace       used 12001K, capacity 12283K, committed 12544K, reserved 1060864K
  class space    used 1169K, capacity 1278K, committed 1280K, reserved 1048576K
}
Event: 1.186 GC heap before
{Heap before GC invocations=1 (full 0):
 garbage-first heap   total 126976K, used 24419K [0x0000000085600000, 0x0000000100000000)
  region size 1024K, 22 young (22528K), 3 survivors (3072K)
 Metaspace       used 14166K, capacity 14485K, committed 14592K, reserved 1062912K
  class space    used 1394K, capacity 1521K, committed 1536K, reserved 1048576K
}
Event: 1.192 GC heap after
{Heap after GC invocations=2 (full 0):
 garbage-first heap   total 126976K, used 7361K [0x0000000085600000, 0x0000000100000000)
  region size 1024K, 3 young (3072K), 3 survivors (3072K)
 Metaspace       used 14166K, capacity 14485K, committed 14592K, reserved 1062912K
  class space    used 1394K, capacity 1521K, committed 1536K, reserved 1048576K
}
Event: 2.340 GC heap before
{Heap before GC invocations=2 (full 0):
 garbage-first heap   total 126976K, used 55489K [0x0000000085600000, 0x0000000100000000)
  region size 1024K, 50 young (51200K), 3 survivors (3072K)
 Metaspace       used 20635K, capacity 20974K, committed 21248K, reserved 1069056K
  class space    used 2104K, capacity 2248K, committed 2304K, reserved 1048576K
}
Event: 2.348 GC heap after
{Heap after GC invocations=3 (full 0):
 garbage-first heap   total 126976K, used 11441K [0x0000000085600000, 0x0000000100000000)
  region size 1024K, 6 young (6144K), 6 survivors (6144K)
 Metaspace       used 20635K, capacity 20974K, committed 21248K, reserved 1069056K
  class space    used 2104K, capacity 2248K, committed 2304K, reserved 1048576K
}
Event: 2.814 GC heap before
{Heap before GC invocations=4 (full 0):
 garbage-first heap   total 126976K, used 72881K [0x0000000085600000, 0x0000000100000000)
  region size 1024K, 66 young (67584K), 6 survivors (6144K)
 Metaspace       used 21033K, capacity 21477K, committed 21760K, reserved 1069056K
  class space    used 2136K, capacity 2259K, committed 2304K, reserved 1048576K
}
Event: 2.837 GC heap after
{Heap after GC invocations=5 (full 0):
 garbage-first heap   total 126976K, used 30227K [0x0000000085600000, 0x0000000100000000)
  region size 1024K, 9 young (9216K), 9 survivors (9216K)
 Metaspace       used 21033K, capacity 21477K, committed 21760K, reserved 1069056K
  class space    used 2136K, capacity 2259K, committed 2304K, reserved 1048576K
}
Event: 3.973 GC heap before
{Heap before GC invocations=5 (full 0):
 garbage-first heap   total 126976K, used 79379K [0x0000000085600000, 0x0000000100000000)
  region size 1024K, 57 young (58368K), 9 survivors (9216K)
 Metaspace       used 26181K, capacity 26657K, committed 27008K, reserved 1073152K
  class space    used 2724K, capacity 2905K, committed 2944K, reserved 1048576K
}
Event: 3.983 GC heap after
{Heap after GC invocations=6 (full 0):
 garbage-first heap   total 152576K, used 30512K [0x0000000085600000, 0x0000000100000000)
  region size 1024K, 2 young (2048K), 2 survivors (2048K)
 Metaspace       used 26181K, capacity 26657K, committed 27008K, reserved 1073152K
  class space    used 2724K, capacity 2905K, committed 2944K, reserved 1048576K
}

